<?xml version="1.0" encoding="UTF-8"?>
<!-- Generated by org.testng.reporters.JUnitReportReporter -->
<testsuite hostname="JSAIKRISHNA" failures="0" tests="11" name="Night.Depends" time="0.020" errors="0" timestamp="2023-01-28T18:52:11 IST" skipped="0">
  <testcase classname="Night.Depends" name="add" time="0.009"/>
  <system-out/>
  <testcase classname="Night.Depends" name="add" time="0.000"/>
  <system-out/>
  <testcase classname="Night.Depends" name="add" time="0.003"/>
  <system-out/>
  <testcase classname="Night.Depends" name="sum" time="0.001"/>
  <system-out/>
  <testcase classname="Night.Depends" name="add" time="0.000"/>
  <system-out/>
  <testcase classname="Night.Depends" name="add" time="0.001"/>
  <system-out/>
  <testcase classname="Night.Depends" name="add" time="0.001"/>
  <system-out/>
  <testcase classname="Night.Depends" name="add" time="0.002"/>
  <system-out/>
  <testcase classname="Night.Depends" name="add" time="0.001"/>
  <system-out/>
  <testcase classname="Night.Depends" name="add" time="0.001"/>
  <system-out/>
  <testcase classname="Night.Depends" name="add" time="0.001"/>
  <system-out/>
</testsuite> <!-- Night.Depends -->
