<?xml version="1.0" encoding="UTF-8"?>
<!-- Generated by org.testng.reporters.JUnitReportReporter -->
<testsuite hostname="JSAIKRISHNA" failures="0" tests="1" name="ActiTIMETestNG.Execution2" time="16.826" errors="0" timestamp="2023-02-02T10:41:27 IST" skipped="0">
  <testcase classname="ActiTIMETestNG.Execution2" name="tc_02" time="16.826"/>
  <system-out/>
</testsuite> <!-- ActiTIMETestNG.Execution2 -->
