<?xml version="1.0" encoding="UTF-8"?>
<!-- Generated by org.testng.reporters.JUnitReportReporter -->
<testsuite hostname="JSAIKRISHNA" failures="0" tests="1" name="Sele" time="0.009" errors="0" timestamp="2023-02-21T10:32:46 IST" skipped="0">
  <testcase classname="Sele" name="run" time="0.009"/>
  <system-out/>
</testsuite> <!-- Sele -->
