<?xml version="1.0" encoding="UTF-8"?>
<!-- Generated by org.testng.reporters.JUnitReportReporter -->
<testsuite hostname="JSAIKRISHNA" failures="0" tests="2" name="ActiTIMETestNG.BaseClass" time="54.088" errors="0" timestamp="2023-01-31T12:41:53 IST" skipped="0">
  <testcase classname="ActiTIMETestNG.BaseClass" name="tc_02" time="22.340"/>
  <system-out/>
  <testcase classname="ActiTIMETestNG.BaseClass" name="tc_01" time="31.748"/>
  <system-out/>
</testsuite> <!-- ActiTIMETestNG.BaseClass -->
