<?xml version="1.0" encoding="UTF-8"?>
<!-- Generated by org.testng.reporters.JUnitReportReporter -->
<testsuite hostname="JSAIKRISHNA" failures="0" tests="1" name="baseClass.A" time="0.012" errors="0" timestamp="2023-02-19T12:32:00 IST" skipped="0">
  <testcase classname="baseClass.A" name="as" time="0.012"/>
  <system-out/>
</testsuite> <!-- baseClass.A -->
